D19:20:57.811 [Test worker] DEBUG o.s.j.d.DriverManagerDataSource --
`                Creating new JDBC DriverManager Connection to [jdbc:h2:tcp://localhost/~/test]
J19:20:57.920 [Test worker] INFO  h.j.e.t.SpringExceptionTranslatorTest --
!                errorCode=42122
J19:20:57.921 [Test worker] INFO  h.j.e.t.SpringExceptionTranslatorTest --
                e
D19:20:57.931 [Test worker] DEBUG o.s.j.d.DriverManagerDataSource --
`                Creating new JDBC DriverManager Connection to [jdbc:h2:tcp://localhost/~/test]
H19:20:58.110 [Test worker] DEBUG o.s.b.f.xml.XmlBeanDefinitionReader --
|                Loaded 11 bean definitions from class path resource [org/springframework/jdbc/support/sql-error-codes.xml]
I19:20:58.116 [Test worker] DEBUG o.s.b.f.s.DefaultListableBeanFactory --
B                Creating shared instance of singleton bean 'DB2'
I19:20:58.162 [Test worker] DEBUG o.s.b.f.s.DefaultListableBeanFactory --
D                Creating shared instance of singleton bean 'Derby'
I19:20:58.163 [Test worker] DEBUG o.s.b.f.s.DefaultListableBeanFactory --
A                Creating shared instance of singleton bean 'H2'
I19:20:58.163 [Test worker] DEBUG o.s.b.f.s.DefaultListableBeanFactory --
B                Creating shared instance of singleton bean 'HDB'
I19:20:58.166 [Test worker] DEBUG o.s.b.f.s.DefaultListableBeanFactory --
C                Creating shared instance of singleton bean 'HSQL'
I19:20:58.167 [Test worker] DEBUG o.s.b.f.s.DefaultListableBeanFactory --
G                Creating shared instance of singleton bean 'Informix'
I19:20:58.168 [Test worker] DEBUG o.s.b.f.s.DefaultListableBeanFactory --
E                Creating shared instance of singleton bean 'MS-SQL'
I19:20:58.168 [Test worker] DEBUG o.s.b.f.s.DefaultListableBeanFactory --
D                Creating shared instance of singleton bean 'MySQL'
I19:20:58.169 [Test worker] DEBUG o.s.b.f.s.DefaultListableBeanFactory --
E                Creating shared instance of singleton bean 'Oracle'
I19:20:58.169 [Test worker] DEBUG o.s.b.f.s.DefaultListableBeanFactory --
I                Creating shared instance of singleton bean 'PostgreSQL'
I19:20:58.169 [Test worker] DEBUG o.s.b.f.s.DefaultListableBeanFactory --
E                Creating shared instance of singleton bean 'Sybase'
G19:20:58.170 [Test worker] DEBUG o.s.j.support.SQLErrorCodesFactory --
‡                Looking up default SQLErrorCodes for DataSource [org.springframework.jdbc.datasource.DriverManagerDataSource@238ad8c]
H19:20:58.176 [Test worker] DEBUG o.s.jdbc.datasource.DataSourceUtils --
:                Fetching JDBC Connection from DataSource
D19:20:58.176 [Test worker] DEBUG o.s.j.d.DriverManagerDataSource --
`                Creating new JDBC DriverManager Connection to [jdbc:h2:tcp://localhost/~/test]
G19:20:58.183 [Test worker] DEBUG o.s.j.support.SQLErrorCodesFactory --
0                SQL error codes for 'H2' found
G19:20:58.183 [Test worker] DEBUG o.s.j.support.SQLErrorCodesFactory --
                Caching SQL error codes for DataSource [org.springframework.jdbc.datasource.DriverManagerDataSource@238ad8c]: database product name is 'H2'
O19:20:58.190 [Test worker] DEBUG o.s.j.s.SQLErrorCodeSQLExceptionTranslator --
…                Translating SQLException with SQL state '42S22', error code '42122', message [Column "BAD" not found; SQL statement:
Qselect bad grammer [42122-224]]; SQL was [select bad grammer] for task [select]
J19:20:58.190 [Test worker] INFO  h.j.e.t.SpringExceptionTranslatorTest --
                resultEx
_org.springframework.jdbc.BadSqlGrammarException: select; bad SQL grammar [select bad grammer]
‚	at org.springframework.jdbc.support.SQLErrorCodeSQLExceptionTranslator.doTranslate(SQLErrorCodeSQLExceptionTranslator.java:246)
ˆ	at org.springframework.jdbc.support.AbstractFallbackSQLExceptionTranslator.translate(AbstractFallbackSQLExceptionTranslator.java:107)
~	at hello.jdbc.exception.translator.SpringExceptionTranslatorTest.exceptionTranslator(SpringExceptionTranslatorTest.java:58)
T	at java.base/jdk.internal.reflect.NativeMethodAccessorImpl.invoke0(Native Method)
f	at java.base/jdk.internal.reflect.NativeMethodAccessorImpl.invoke(NativeMethodAccessorImpl.java:77)
n	at java.base/jdk.internal.reflect.DelegatingMethodAccessorImpl.invoke(DelegatingMethodAccessorImpl.java:43)
@	at java.base/java.lang.reflect.Method.invoke(Method.java:568)
\	at org.junit.platform.commons.util.ReflectionUtils.invokeMethod(ReflectionUtils.java:728)
[	at org.junit.jupiter.engine.execution.MethodInvocation.proceed(MethodInvocation.java:60)
…	at org.junit.jupiter.engine.execution.InvocationInterceptorChain$ValidatingInvocation.proceed(InvocationInterceptorChain.java:131)
^	at org.junit.jupiter.engine.extension.TimeoutExtension.intercept(TimeoutExtension.java:156)
l	at org.junit.jupiter.engine.extension.TimeoutExtension.interceptTestableMethod(TimeoutExtension.java:147)
g	at org.junit.jupiter.engine.extension.TimeoutExtension.interceptTestMethod(TimeoutExtension.java:86)
ž	at org.junit.jupiter.engine.execution.InterceptingExecutableInvoker$ReflectiveInterceptorCall.lambda$ofVoidMethod$0(InterceptingExecutableInvoker.java:103)
}	at org.junit.jupiter.engine.execution.InterceptingExecutableInvoker.lambda$invoke$0(InterceptingExecutableInvoker.java:93)
†	at org.junit.jupiter.engine.execution.InvocationInterceptorChain$InterceptedInvocation.proceed(InvocationInterceptorChain.java:106)
o	at org.junit.jupiter.engine.execution.InvocationInterceptorChain.proceed(InvocationInterceptorChain.java:64)
v	at org.junit.jupiter.engine.execution.InvocationInterceptorChain.chainAndInvoke(InvocationInterceptorChain.java:45)
n	at org.junit.jupiter.engine.execution.InvocationInterceptorChain.invoke(InvocationInterceptorChain.java:37)
t	at org.junit.jupiter.engine.execution.InterceptingExecutableInvoker.invoke(InterceptingExecutableInvoker.java:92)
t	at org.junit.jupiter.engine.execution.InterceptingExecutableInvoker.invoke(InterceptingExecutableInvoker.java:86)
	at org.junit.jupiter.engine.descriptor.TestMethodTestDescriptor.lambda$invokeTestMethod$7(TestMethodTestDescriptor.java:218)
k	at org.junit.platform.engine.support.hierarchical.ThrowableCollector.execute(ThrowableCollector.java:73)
v	at org.junit.jupiter.engine.descriptor.TestMethodTestDescriptor.invokeTestMethod(TestMethodTestDescriptor.java:214)
m	at org.junit.jupiter.engine.descriptor.TestMethodTestDescriptor.execute(TestMethodTestDescriptor.java:139)
l	at org.junit.jupiter.engine.descriptor.TestMethodTestDescriptor.execute(TestMethodTestDescriptor.java:69)
t	at org.junit.platform.engine.support.hierarchical.NodeTestTask.lambda$executeRecursively$6(NodeTestTask.java:151)
k	at org.junit.platform.engine.support.hierarchical.ThrowableCollector.execute(ThrowableCollector.java:73)
t	at org.junit.platform.engine.support.hierarchical.NodeTestTask.lambda$executeRecursively$8(NodeTestTask.java:141)
O	at org.junit.platform.engine.support.hierarchical.Node.around(Node.java:137)
t	at org.junit.platform.engine.support.hierarchical.NodeTestTask.lambda$executeRecursively$9(NodeTestTask.java:139)
k	at org.junit.platform.engine.support.hierarchical.ThrowableCollector.execute(ThrowableCollector.java:73)
k	at org.junit.platform.engine.support.hierarchical.NodeTestTask.executeRecursively(NodeTestTask.java:138)
_	at org.junit.platform.engine.support.hierarchical.NodeTestTask.execute(NodeTestTask.java:95)
@	at java.base/java.util.ArrayList.forEach(ArrayList.java:1511)
›	at org.junit.platform.engine.support.hierarchical.SameThreadHierarchicalTestExecutorService.invokeAll(SameThreadHierarchicalTestExecutorService.java:41)
t	at org.junit.platform.engine.support.hierarchical.NodeTestTask.lambda$executeRecursively$6(NodeTestTask.java:155)
k	at org.junit.platform.engine.support.hierarchical.ThrowableCollector.execute(ThrowableCollector.java:73)
t	at org.junit.platform.engine.support.hierarchical.NodeTestTask.lambda$executeRecursively$8(NodeTestTask.java:141)
O	at org.junit.platform.engine.support.hierarchical.Node.around(Node.java:137)
t	at org.junit.platform.engine.support.hierarchical.NodeTestTask.lambda$executeRecursively$9(NodeTestTask.java:139)
k	at org.junit.platform.engine.support.hierarchical.ThrowableCollector.execute(ThrowableCollector.java:73)
k	at org.junit.platform.engine.support.hierarchical.NodeTestTask.executeRecursively(NodeTestTask.java:138)
_	at org.junit.platform.engine.support.hierarchical.NodeTestTask.execute(NodeTestTask.java:95)
@	at java.base/java.util.ArrayList.forEach(ArrayList.java:1511)
›	at org.junit.platform.engine.support.hierarchical.SameThreadHierarchicalTestExecutorService.invokeAll(SameThreadHierarchicalTestExecutorService.java:41)
t	at org.junit.platform.engine.support.hierarchical.NodeTestTask.lambda$executeRecursively$6(NodeTestTask.java:155)
k	at org.junit.platform.engine.support.hierarchical.ThrowableCollector.execute(ThrowableCollector.java:73)
t	at org.junit.platform.engine.support.hierarchical.NodeTestTask.lambda$executeRecursively$8(NodeTestTask.java:141)
O	at org.junit.platform.engine.support.hierarchical.Node.around(Node.java:137)
t	at org.junit.platform.engine.support.hierarchical.NodeTestTask.lambda$executeRecursively$9(NodeTestTask.java:139)
k	at org.junit.platform.engine.support.hierarchical.ThrowableCollector.execute(ThrowableCollector.java:73)
k	at org.junit.platform.engine.support.hierarchical.NodeTestTask.executeRecursively(NodeTestTask.java:138)
_	at org.junit.platform.engine.support.hierarchical.NodeTestTask.execute(NodeTestTask.java:95)
˜	at org.junit.platform.engine.support.hierarchical.SameThreadHierarchicalTestExecutorService.submit(SameThreadHierarchicalTestExecutorService.java:35)
w	at org.junit.platform.engine.support.hierarchical.HierarchicalTestExecutor.execute(HierarchicalTestExecutor.java:57)
s	at org.junit.platform.engine.support.hierarchical.HierarchicalTestEngine.execute(HierarchicalTestEngine.java:54)
p	at org.junit.platform.launcher.core.EngineExecutionOrchestrator.execute(EngineExecutionOrchestrator.java:107)
o	at org.junit.platform.launcher.core.EngineExecutionOrchestrator.execute(EngineExecutionOrchestrator.java:88)
x	at org.junit.platform.launcher.core.EngineExecutionOrchestrator.lambda$execute$0(EngineExecutionOrchestrator.java:54)
~	at org.junit.platform.launcher.core.EngineExecutionOrchestrator.withInterceptedStreams(EngineExecutionOrchestrator.java:67)
o	at org.junit.platform.launcher.core.EngineExecutionOrchestrator.execute(EngineExecutionOrchestrator.java:52)
X	at org.junit.platform.launcher.core.DefaultLauncher.execute(DefaultLauncher.java:114)
W	at org.junit.platform.launcher.core.DefaultLauncher.execute(DefaultLauncher.java:86)
x	at org.junit.platform.launcher.core.DefaultLauncherSession$DelegatingLauncher.execute(DefaultLauncherSession.java:86)
·	at org.gradle.api.internal.tasks.testing.junitplatform.JUnitPlatformTestClassProcessor$CollectAllTestClassesExecutor.processAllTestClasses(JUnitPlatformTestClassProcessor.java:119)
«	at org.gradle.api.internal.tasks.testing.junitplatform.JUnitPlatformTestClassProcessor$CollectAllTestClassesExecutor.access$000(JUnitPlatformTestClassProcessor.java:94)
‡	at org.gradle.api.internal.tasks.testing.junitplatform.JUnitPlatformTestClassProcessor.stop(JUnitPlatformTestClassProcessor.java:89)
i	at org.gradle.api.internal.tasks.testing.SuiteTestClassProcessor.stop(SuiteTestClassProcessor.java:62)
T	at java.base/jdk.internal.reflect.NativeMethodAccessorImpl.invoke0(Native Method)
f	at java.base/jdk.internal.reflect.NativeMethodAccessorImpl.invoke(NativeMethodAccessorImpl.java:77)
n	at java.base/jdk.internal.reflect.DelegatingMethodAccessorImpl.invoke(DelegatingMethodAccessorImpl.java:43)
@	at java.base/java.lang.reflect.Method.invoke(Method.java:568)
Z	at org.gradle.internal.dispatch.ReflectionDispatch.dispatch(ReflectionDispatch.java:36)
Z	at org.gradle.internal.dispatch.ReflectionDispatch.dispatch(ReflectionDispatch.java:24)
j	at org.gradle.internal.dispatch.ContextClassLoaderDispatch.dispatch(ContextClassLoaderDispatch.java:33)
y	at org.gradle.internal.dispatch.ProxyDispatchAdapter$DispatchingInvocationHandler.invoke(ProxyDispatchAdapter.java:94)
8	at jdk.proxy1/jdk.proxy1.$Proxy2.stop(Unknown Source)
X	at org.gradle.api.internal.tasks.testing.worker.TestWorker$3.run(TestWorker.java:193)
o	at org.gradle.api.internal.tasks.testing.worker.TestWorker.executeAndMaintainThreadName(TestWorker.java:129)
Z	at org.gradle.api.internal.tasks.testing.worker.TestWorker.execute(TestWorker.java:100)
Y	at org.gradle.api.internal.tasks.testing.worker.TestWorker.execute(TestWorker.java:60)
k	at org.gradle.process.internal.worker.child.ActionExecutionWorker.execute(ActionExecutionWorker.java:56)
ƒ	at org.gradle.process.internal.worker.child.SystemApplicationClassLoaderWorker.call(SystemApplicationClassLoaderWorker.java:113)
‚	at org.gradle.process.internal.worker.child.SystemApplicationClassLoaderWorker.call(SystemApplicationClassLoaderWorker.java:65)
^	at worker.org.gradle.process.internal.worker.GradleWorkerMain.run(GradleWorkerMain.java:69)
_	at worker.org.gradle.process.internal.worker.GradleWorkerMain.main(GradleWorkerMain.java:74)
[Caused by: org.h2.jdbc.JdbcSQLSyntaxErrorException: Column "BAD" not found; SQL statement:
 select bad grammer [42122-224]
J	at org.h2.message.DbException.getJdbcSQLException(DbException.java:514)
G	at org.h2.engine.SessionRemote.readException(SessionRemote.java:650)
>	at org.h2.engine.SessionRemote.done(SessionRemote.java:619)
A	at org.h2.command.CommandRemote.prepare(CommandRemote.java:78)
@	at org.h2.command.CommandRemote.<init>(CommandRemote.java:50)
H	at org.h2.engine.SessionRemote.prepareCommand(SessionRemote.java:487)
I	at org.h2.jdbc.JdbcConnection.prepareCommand(JdbcConnection.java:1166)
M	at org.h2.jdbc.JdbcPreparedStatement.<init>(JdbcPreparedStatement.java:93)
J	at org.h2.jdbc.JdbcConnection.prepareStatement(JdbcConnection.java:316)
~	at hello.jdbc.exception.translator.SpringExceptionTranslatorTest.exceptionTranslator(SpringExceptionTranslatorTest.java:52)
	... 84 common frames omitted
